c:\users\nat23\documents\visual studio 2013\projects\comp426_a1\comp426_a1\debug\vc120.pdb
c:\users\nat23\documents\visual studio 2013\projects\comp426_a1\comp426_a1\debug\vc120.idb
c:\users\nat23\documents\visual studio 2013\projects\comp426_a1\comp426_a1\debug\ball_main.obj
c:\users\nat23\documents\visual studio 2013\projects\comp426_a2_test\comp426_a1\debug\vc120.pdb
c:\users\nat23\documents\visual studio 2013\projects\comp426_a2_test\comp426_a1\debug\vc120.idb
c:\users\nat23\documents\visual studio 2013\projects\comp426_a1\debug\comp426_a1.ilk
c:\users\nat23\documents\visual studio 2013\projects\comp426_a1\debug\comp426_a1.exe
c:\users\nat23\documents\visual studio 2013\projects\comp426_a1\debug\comp426_a1.pdb
c:\users\nat23\documents\visual studio 2013\projects\comp426_a2_test\debug\comp426_a1.ilk
c:\users\nat23\documents\visual studio 2013\projects\comp426_a2_test\debug\comp426_a1.exe
c:\users\nat23\documents\visual studio 2013\projects\comp426_a2_test\debug\comp426_a1.pdb
c:\users\nat23\documents\visual studio 2013\projects\comp426_a2_test\comp426_a1\debug\tbb.pdb
c:\users\nat23\documents\visual studio 2013\projects\comp426_a2_test\comp426_a1\debug\tbbmalloc.pdb
c:\users\nat23\documents\visual studio 2013\projects\comp426_a2_test\comp426_a1\debug\tbbmalloc_debug.pdb
c:\users\nat23\documents\visual studio 2013\projects\comp426_a2_test\comp426_a1\debug\tbbmalloc_proxy.pdb
c:\users\nat23\documents\visual studio 2013\projects\comp426_a2_test\comp426_a1\debug\tbbmalloc_proxy_debug.pdb
c:\users\nat23\documents\visual studio 2013\projects\comp426_a2_test\comp426_a1\debug\tbb_debug.pdb
c:\users\nat23\documents\visual studio 2013\projects\comp426_a2_test\comp426_a1\debug\tbb_preview.pdb
c:\users\nat23\documents\visual studio 2013\projects\comp426_a2_test\comp426_a1\debug\tbb_preview_debug.pdb
c:\users\nat23\documents\visual studio 2013\projects\comp426_a2_test\comp426_a1\debug\comp426_a1.tlog\cl.command.1.tlog
c:\users\nat23\documents\visual studio 2013\projects\comp426_a2_test\comp426_a1\debug\comp426_a1.tlog\cl.read.1.tlog
c:\users\nat23\documents\visual studio 2013\projects\comp426_a2_test\comp426_a1\debug\comp426_a1.tlog\cl.write.1.tlog
c:\users\nat23\documents\visual studio 2013\projects\comp426_a2_test\comp426_a1\debug\comp426_a1.tlog\link.command.1.tlog
c:\users\nat23\documents\visual studio 2013\projects\comp426_a2_test\comp426_a1\debug\comp426_a1.tlog\link.read.1.tlog
c:\users\nat23\documents\visual studio 2013\projects\comp426_a2_test\comp426_a1\debug\comp426_a1.tlog\link.write.1.tlog
